{"numTotalTestSuites":44,"numPassedTestSuites":42,"numFailedTestSuites":2,"numPendingTestSuites":0,"numTotalTests":104,"numPassedTests":103,"numFailedTests":1,"numPendingTests":0,"numTodoTests":0,"snapshot":{"added":0,"failure":false,"filesAdded":0,"filesRemoved":0,"filesRemovedList":[],"filesUnmatched":0,"filesUpdated":0,"matched":1,"total":1,"unchecked":0,"uncheckedKeysByFile":[],"unmatched":0,"updated":0,"didUpdate":false},"startTime":1773084269926,"success":false,"testResults":[{"assertionResults":[{"ancestorTitles":["API Client","Authentication"],"fullName":"API Client Authentication does not store refresh token in localStorage","status":"passed","title":"does not store refresh token in localStorage","duration":2.7896999999998116,"failureMessages":[],"meta":{}},{"ancestorTitles":["API Client","Authentication"],"fullName":"API Client Authentication should store tokens on login","status":"passed","title":"should store tokens on login","duration":0.6217000000001462,"failureMessages":[],"meta":{}},{"ancestorTitles":["API Client","Authentication"],"fullName":"API Client Authentication should handle login failure with proper error","status":"passed","title":"should handle login failure with proper error","duration":0.25060000000030414,"failureMessages":[],"meta":{}},{"ancestorTitles":["API Client","Authentication"],"fullName":"API Client Authentication should handle registration with valid data","status":"passed","title":"should handle registration with valid data","duration":0.4147000000002663,"failureMessages":[],"meta":{}},{"ancestorTitles":["API Client","Dashboard"],"fullName":"API Client Dashboard should fetch dashboard stats","status":"passed","title":"should fetch dashboard stats","duration":0.4293000000002394,"failureMessages":[],"meta":{}},{"ancestorTitles":["API Client","Summaries"],"fullName":"API Client Summaries should fetch summaries list","status":"passed","title":"should fetch summaries list","duration":1.1646999999998116,"failureMessages":[],"meta":{}},{"ancestorTitles":["API Client","Summaries"],"fullName":"API Client Summaries should handle network errors gracefully","status":"passed","title":"should handle network errors gracefully","duration":1.5513999999998305,"failureMessages":[],"meta":{}},{"ancestorTitles":["API Client","Form Validation"],"fullName":"API Client Form Validation should validate email format","status":"passed","title":"should validate email format","duration":0.4021000000002459,"failureMessages":[],"meta":{}},{"ancestorTitles":["API Client","Form Validation"],"fullName":"API Client Form Validation should validate YouTube URL format","status":"passed","title":"should validate YouTube URL format","duration":0.34560000000010405,"failureMessages":[],"meta":{}},{"ancestorTitles":["API Client","Form Validation"],"fullName":"API Client Form Validation should validate password strength","status":"passed","title":"should validate password strength","duration":0.4594999999999345,"failureMessages":[],"meta":{}}],"startTime":1773084272341,"endTime":1773084272349.4595,"status":"passed","message":"","name":"c:/Users/NURMA/OneDrive/Рабочий стол/projects/DIPLOMA/src/__tests__/api.test.ts"},{"assertionResults":[{"ancestorTitles":["ContentInputPage critical production flows"],"fullName":"ContentInputPage critical production flows validates YouTube source and starts summary generation successfully","status":"passed","title":"validates YouTube source and starts summary generation successfully","duration":163.19299999999976,"failureMessages":[],"meta":{}},{"ancestorTitles":["ContentInputPage critical production flows"],"fullName":"ContentInputPage critical production flows processes file upload path and starts generation","status":"passed","title":"processes file upload path and starts generation","duration":63.91899999999987,"failureMessages":[],"meta":{}},{"ancestorTitles":["ContentInputPage critical production flows"],"fullName":"ContentInputPage critical production flows shows generate failure to the user","status":"passed","title":"shows generate failure to the user","duration":37.67820000000029,"failureMessages":[],"meta":{}},{"ancestorTitles":["ContentInputPage critical production flows"],"fullName":"ContentInputPage critical production flows clears validation errors when source changes","status":"passed","title":"clears validation errors when source changes","duration":44.264000000000124,"failureMessages":[],"meta":{}},{"ancestorTitles":["ContentInputPage critical production flows"],"fullName":"ContentInputPage critical production flows ignores stale YouTube validation response after switching source","status":"passed","title":"ignores stale YouTube validation response after switching source","duration":79.19410000000016,"failureMessages":[],"meta":{}},{"ancestorTitles":["ContentInputPage critical production flows"],"fullName":"ContentInputPage critical production flows uses saved default summary length from settings for generation payload","status":"passed","title":"uses saved default summary length from settings for generation payload","duration":62.17099999999982,"failureMessages":[],"meta":{}},{"ancestorTitles":["ContentInputPage critical production flows"],"fullName":"ContentInputPage critical production flows uses saved default summary format from settings for generation payload","status":"passed","title":"uses saved default summary format from settings for generation payload","duration":45.83710000000019,"failureMessages":[],"meta":{}}],"startTime":1773084273071,"endTime":1773084273566.8372,"status":"passed","message":"","name":"c:/Users/NURMA/OneDrive/Рабочий стол/projects/DIPLOMA/src/__tests__/ContentInputPage.test.tsx"},{"assertionResults":[{"ancestorTitles":["DashboardPage production behaviors"],"fullName":"DashboardPage production behaviors renders explicit error state and retry on failed load","status":"passed","title":"renders explicit error state and retry on failed load","duration":80.1510000000003,"failureMessages":[],"meta":{}},{"ancestorTitles":["DashboardPage production behaviors"],"fullName":"DashboardPage production behaviors renders happy-path dashboard cards and recent content","status":"passed","title":"renders happy-path dashboard cards and recent content","duration":76.3130000000001,"failureMessages":[],"meta":{}},{"ancestorTitles":["DashboardPage production behaviors"],"fullName":"DashboardPage production behaviors saves weekly goal successfully and updates visible progress target","status":"passed","title":"saves weekly goal successfully and updates visible progress target","duration":93.0006999999996,"failureMessages":[],"meta":{}},{"ancestorTitles":["DashboardPage production behaviors"],"fullName":"DashboardPage production behaviors shows goal save error toast when weekly goal update fails","status":"passed","title":"shows goal save error toast when weekly goal update fails","duration":82.74839999999995,"failureMessages":[],"meta":{}}],"startTime":1773084273133,"endTime":1773084273465.7483,"status":"passed","message":"","name":"c:/Users/NURMA/OneDrive/Рабочий стол/projects/DIPLOMA/src/__tests__/DashboardPage.test.tsx"},{"assertionResults":[{"ancestorTitles":["EmailVerificationPage"],"fullName":"EmailVerificationPage renders check-your-email screen when no token is present","status":"passed","title":"renders check-your-email screen when no token is present","duration":41.822200000000066,"failureMessages":[],"meta":{}},{"ancestorTitles":["EmailVerificationPage"],"fullName":"EmailVerificationPage pre-fills email from localStorage","status":"passed","title":"pre-fills email from localStorage","duration":35.00030000000015,"failureMessages":[],"meta":{}},{"ancestorTitles":["EmailVerificationPage"],"fullName":"EmailVerificationPage shows verifying spinner when token is present","status":"passed","title":"shows verifying spinner when token is present","duration":9.077900000000227,"failureMessages":[],"meta":{}},{"ancestorTitles":["EmailVerificationPage"],"fullName":"EmailVerificationPage handles successful verification with tokens","status":"passed","title":"handles successful verification with tokens","duration":16.02599999999984,"failureMessages":[],"meta":{}},{"ancestorTitles":["EmailVerificationPage"],"fullName":"EmailVerificationPage handles verification failure","status":"passed","title":"handles verification failure","duration":10.207499999999982,"failureMessages":[],"meta":{}},{"ancestorTitles":["EmailVerificationPage"],"fullName":"EmailVerificationPage validates empty email on resend","status":"passed","title":"validates empty email on resend","duration":21.008800000000065,"failureMessages":[],"meta":{}},{"ancestorTitles":["EmailVerificationPage"],"fullName":"EmailVerificationPage validates invalid email format on resend","status":"passed","title":"validates invalid email format on resend","duration":18.33159999999998,"failureMessages":[],"meta":{}},{"ancestorTitles":["EmailVerificationPage"],"fullName":"EmailVerificationPage handles successful resend and starts countdown","status":"passed","title":"handles successful resend and starts countdown","duration":15.414499999999862,"failureMessages":[],"meta":{}},{"ancestorTitles":["EmailVerificationPage"],"fullName":"EmailVerificationPage handles resend failure with error message","status":"passed","title":"handles resend failure with error message","duration":9.467299999999796,"failureMessages":[],"meta":{}},{"ancestorTitles":["EmailVerificationPage"],"fullName":"EmailVerificationPage blocks resend after max attempts reached","status":"passed","title":"blocks resend after max attempts reached","duration":145.55150000000003,"failureMessages":[],"meta":{}},{"ancestorTitles":["EmailVerificationPage"],"fullName":"EmailVerificationPage navigates to login when Back to Login is clicked on error","status":"passed","title":"navigates to login when Back to Login is clicked on error","duration":5.088399999999638,"failureMessages":[],"meta":{}},{"ancestorTitles":["EmailVerificationPage"],"fullName":"EmailVerificationPage navigates to register when Register Again is clicked on error","status":"passed","title":"navigates to register when Register Again is clicked on error","duration":5.810100000000148,"failureMessages":[],"meta":{}}],"startTime":1773084273033,"endTime":1773084273366.81,"status":"passed","message":"","name":"c:/Users/NURMA/OneDrive/Рабочий стол/projects/DIPLOMA/src/__tests__/EmailVerificationPage.test.tsx"},{"assertionResults":[{"ancestorTitles":["FlashcardConfigPage card strategy"],"fullName":"FlashcardConfigPage card strategy sends term_definition strategy by default","status":"passed","title":"sends term_definition strategy by default","duration":137.55189999999993,"failureMessages":[],"meta":{}},{"ancestorTitles":["FlashcardConfigPage card strategy"],"fullName":"FlashcardConfigPage card strategy sends question_answer strategy when Question & Answer is selected","status":"passed","title":"sends question_answer strategy when Question & Answer is selected","duration":76.20469999999978,"failureMessages":[],"meta":{}},{"ancestorTitles":["FlashcardConfigPage card strategy"],"fullName":"FlashcardConfigPage card strategy includes mnemonic and example flags in payload","status":"passed","title":"includes mnemonic and example flags in payload","duration":57.53359999999975,"failureMessages":[],"meta":{}},{"ancestorTitles":["FlashcardConfigPage card strategy"],"fullName":"FlashcardConfigPage card strategy blocks generate when all topics are deselected","status":"passed","title":"blocks generate when all topics are deselected","duration":29.581900000000132,"failureMessages":[],"meta":{}},{"ancestorTitles":["FlashcardConfigPage card strategy"],"fullName":"FlashcardConfigPage card strategy blocks generate when deck name is empty/whitespace","status":"passed","title":"blocks generate when deck name is empty/whitespace","duration":30.412599999999657,"failureMessages":[],"meta":{}}],"startTime":1773084273080,"endTime":1773084273411.4126,"status":"passed","message":"","name":"c:/Users/NURMA/OneDrive/Рабочий стол/projects/DIPLOMA/src/__tests__/FlashcardConfigPage.test.tsx"},{"assertionResults":[{"ancestorTitles":["FlashcardsPage production behaviors"],"fullName":"FlashcardsPage production behaviors renders decks on success and card is keyboard-accessible","status":"passed","title":"renders decks on success and card is keyboard-accessible","duration":148.75319999999965,"failureMessages":[],"meta":{}},{"ancestorTitles":["FlashcardsPage production behaviors"],"fullName":"FlashcardsPage production behaviors shows load error and retries in-page without reload flow","status":"passed","title":"shows load error and retries in-page without reload flow","duration":38.66310000000021,"failureMessages":[],"meta":{}}],"startTime":1773084273054,"endTime":1773084273241.663,"status":"passed","message":"","name":"c:/Users/NURMA/OneDrive/Рабочий стол/projects/DIPLOMA/src/__tests__/FlashcardsPage.test.tsx"},{"assertionResults":[{"ancestorTitles":["FlashcardStudyPage option handling"],"fullName":"FlashcardStudyPage option handling shows Next Card (no rating) when spaced repetition is disabled","status":"passed","title":"shows Next Card (no rating) when spaced repetition is disabled","duration":148.83479999999963,"failureMessages":[],"meta":{}},{"ancestorTitles":["FlashcardStudyPage option handling"],"fullName":"FlashcardStudyPage option handling uses valid backend rating scale when spaced repetition is enabled","status":"passed","title":"uses valid backend rating scale when spaced repetition is enabled","duration":57.13200000000006,"failureMessages":[],"meta":{}},{"ancestorTitles":["FlashcardStudyPage option handling"],"fullName":"FlashcardStudyPage option handling renders mnemonic text when available on card","status":"passed","title":"renders mnemonic text when available on card","duration":16.452900000000227,"failureMessages":[],"meta":{}},{"ancestorTitles":["FlashcardStudyPage option handling"],"fullName":"FlashcardStudyPage option handling does not flip card from global Space key presses","status":"passed","title":"does not flip card from global Space key presses","duration":28.103799999999865,"failureMessages":[],"meta":{}},{"ancestorTitles":["FlashcardStudyPage option handling"],"fullName":"FlashcardStudyPage option handling flips card when Space is pressed on flip surface","status":"passed","title":"flips card when Space is pressed on flip surface","duration":30.513800000000174,"failureMessages":[],"meta":{}},{"ancestorTitles":["FlashcardStudyPage option handling"],"fullName":"FlashcardStudyPage option handling shows deck-load error message when getDeck fails","status":"passed","title":"shows deck-load error message when getDeck fails","duration":15.185399999999845,"failureMessages":[],"meta":{}}],"startTime":1773084273036,"endTime":1773084273333.1853,"status":"passed","message":"","name":"c:/Users/NURMA/OneDrive/Рабочий стол/projects/DIPLOMA/src/__tests__/FlashcardStudyPage.test.tsx"},{"assertionResults":[{"ancestorTitles":["LandingPage navigation flows"],"fullName":"LandingPage navigation flows scrolls to how/features/pricing sections from top nav","status":"passed","title":"scrolls to how/features/pricing sections from top nav","duration":254.8415,"failureMessages":[],"meta":{}},{"ancestorTitles":["LandingPage navigation flows"],"fullName":"LandingPage navigation flows renders primary auth/navigation links with keyboard-focusable anchors","status":"passed","title":"renders primary auth/navigation links with keyboard-focusable anchors","duration":43.02370000000019,"failureMessages":[],"meta":{}}],"startTime":1773084272783,"endTime":1773084273081.0237,"status":"passed","message":"","name":"c:/Users/NURMA/OneDrive/Рабочий стол/projects/DIPLOMA/src/__tests__/LandingPage.test.tsx"},{"assertionResults":[{"ancestorTitles":["LibraryPage production behaviors"],"fullName":"LibraryPage production behaviors renders load error and allows retry","status":"passed","title":"renders load error and allows retry","duration":114.60629999999992,"failureMessages":[],"meta":{}},{"ancestorTitles":["LibraryPage production behaviors"],"fullName":"LibraryPage production behaviors applies debounced search from URL query","status":"passed","title":"applies debounced search from URL query","duration":481.61670000000004,"failureMessages":[],"meta":{}},{"ancestorTitles":["LibraryPage production behaviors"],"fullName":"LibraryPage production behaviors supports favorites tab and type filter request","status":"passed","title":"supports favorites tab and type filter request","duration":64.07049999999981,"failureMessages":[],"meta":{}},{"ancestorTitles":["LibraryPage production behaviors"],"fullName":"LibraryPage production behaviors shows partial-failure summary on bulk delete","status":"passed","title":"shows partial-failure summary on bulk delete","duration":78.06580000000031,"failureMessages":[],"meta":{}},{"ancestorTitles":["LibraryPage production behaviors"],"fullName":"LibraryPage production behaviors shows export summary when some selected exports fail","status":"passed","title":"shows export summary when some selected exports fail","duration":249.4722999999999,"failureMessages":[],"meta":{}},{"ancestorTitles":["LibraryPage production behaviors"],"fullName":"LibraryPage production behaviors supports keyboard navigation for grid and list items","status":"passed","title":"supports keyboard navigation for grid and list items","duration":32.0318000000002,"failureMessages":[],"meta":{}}],"startTime":1773084273048,"endTime":1773084274069.0317,"status":"passed","message":"","name":"c:/Users/NURMA/OneDrive/Рабочий стол/projects/DIPLOMA/src/__tests__/LibraryPage.test.tsx"},{"assertionResults":[{"ancestorTitles":["LoginPage auth flows"],"fullName":"LoginPage auth flows validates empty form and blocks submit","status":"passed","title":"validates empty form and blocks submit","duration":93.84529999999995,"failureMessages":[],"meta":{}},{"ancestorTitles":["LoginPage auth flows"],"fullName":"LoginPage auth flows submits successfully and navigates to dashboard","status":"passed","title":"submits successfully and navigates to dashboard","duration":37.672199999999975,"failureMessages":[],"meta":{}},{"ancestorTitles":["LoginPage auth flows"],"fullName":"LoginPage auth flows navigates to prior protected route when location state has from","status":"passed","title":"navigates to prior protected route when location state has from","duration":28.166799999999967,"failureMessages":[],"meta":{}},{"ancestorTitles":["LoginPage auth flows"],"fullName":"LoginPage auth flows toggles password visibility button and supports keyboard interaction on submit button","status":"passed","title":"toggles password visibility button and supports keyboard interaction on submit button","duration":31.12609999999995,"failureMessages":[],"meta":{}}],"startTime":1773084273041,"endTime":1773084273232.1262,"status":"passed","message":"","name":"c:/Users/NURMA/OneDrive/Рабочий стол/projects/DIPLOMA/src/__tests__/LoginPage.test.tsx"},{"assertionResults":[{"ancestorTitles":["ProcessingPage runtime flows"],"fullName":"ProcessingPage runtime flows renders processing state and handles cancel action","status":"passed","title":"renders processing state and handles cancel action","duration":138.0060000000003,"failureMessages":[],"meta":{}},{"ancestorTitles":["ProcessingPage runtime flows"],"fullName":"ProcessingPage runtime flows handles websocket completion and redirects to summary result","status":"passed","title":"handles websocket completion and redirects to summary result","duration":20.882000000000062,"failureMessages":[],"meta":{}},{"ancestorTitles":["ProcessingPage runtime flows"],"fullName":"ProcessingPage runtime flows shows error state and supports retry/dashboard actions","status":"passed","title":"shows error state and supports retry/dashboard actions","duration":39.44489999999996,"failureMessages":[],"meta":{}}],"startTime":1773084272941,"endTime":1773084273139.4448,"status":"passed","message":"","name":"c:/Users/NURMA/OneDrive/Рабочий стол/projects/DIPLOMA/src/__tests__/ProcessingPage.test.tsx"},{"assertionResults":[{"ancestorTitles":["QuizConfigPage generation payload"],"fullName":"QuizConfigPage generation payload submits default quiz configuration","status":"passed","title":"submits default quiz configuration","duration":151.4172999999996,"failureMessages":[],"meta":{}},{"ancestorTitles":["QuizConfigPage generation payload"],"fullName":"QuizConfigPage generation payload applies toggled options to generation payload","status":"passed","title":"applies toggled options to generation payload","duration":90.69889999999987,"failureMessages":[],"meta":{}}],"startTime":1773084273064,"endTime":1773084273306.699,"status":"passed","message":"","name":"c:/Users/NURMA/OneDrive/Рабочий стол/projects/DIPLOMA/src/__tests__/QuizConfigPage.test.tsx"},{"assertionResults":[{"ancestorTitles":["QuizResultsPage production behaviors"],"fullName":"QuizResultsPage production behaviors renders quiz result summary from loaded attempt","status":"passed","title":"renders quiz result summary from loaded attempt","duration":89.2781,"failureMessages":[],"meta":{}},{"ancestorTitles":["QuizResultsPage production behaviors"],"fullName":"QuizResultsPage production behaviors displays total using quiz.question_count, not attempt.total_questions","status":"passed","title":"displays total using quiz.question_count, not attempt.total_questions","duration":16.45320000000038,"failureMessages":[],"meta":{}},{"ancestorTitles":["QuizResultsPage production behaviors"],"fullName":"QuizResultsPage production behaviors shows retryable load error and loads successfully on retry","status":"passed","title":"shows retryable load error and loads successfully on retry","duration":42.9063000000001,"failureMessages":[],"meta":{}},{"ancestorTitles":["QuizResultsPage production behaviors"],"fullName":"QuizResultsPage production behaviors supports keyboard toggle for detailed review question rows","status":"passed","title":"supports keyboard toggle for detailed review question rows","duration":32.07669999999962,"failureMessages":[],"meta":{}}],"startTime":1773084273012,"endTime":1773084273193.0767,"status":"passed","message":"","name":"c:/Users/NURMA/OneDrive/Рабочий стол/projects/DIPLOMA/src/__tests__/QuizResultsPage.test.tsx"},{"assertionResults":[{"ancestorTitles":["QuizTakePage quiz options behavior"],"fullName":"QuizTakePage quiz options behavior hides timer and hints controls when both options are disabled","status":"passed","title":"hides timer and hints controls when both options are disabled","duration":114.58179999999993,"failureMessages":[],"meta":{}},{"ancestorTitles":["QuizTakePage quiz options behavior"],"fullName":"QuizTakePage quiz options behavior keeps original question order when shuffle option is disabled","status":"passed","title":"keeps original question order when shuffle option is disabled","duration":11.347999999999956,"failureMessages":[],"meta":{}},{"ancestorTitles":["QuizTakePage quiz options behavior"],"fullName":"QuizTakePage quiz options behavior runs 30s per-question timer countdown when enabled","status":"passed","title":"runs 30s per-question timer countdown when enabled","duration":45.339500000000044,"failureMessages":[],"meta":{}},{"ancestorTitles":["QuizTakePage quiz options behavior"],"fullName":"QuizTakePage quiz options behavior auto-submits when timer reaches zero on last question","status":"passed","title":"auto-submits when timer reaches zero on last question","duration":30.612500000000182,"failureMessages":[],"meta":{}}],"startTime":1773084272930,"endTime":1773084273131.6125,"status":"passed","message":"","name":"c:/Users/NURMA/OneDrive/Рабочий стол/projects/DIPLOMA/src/__tests__/QuizTakePage.test.tsx"},{"assertionResults":[{"ancestorTitles":["QuizzesPage production behaviors"],"fullName":"QuizzesPage production behaviors renders quizzes and supports keyboard access on quiz cards","status":"passed","title":"renders quizzes and supports keyboard access on quiz cards","duration":155.66319999999996,"failureMessages":[],"meta":{}},{"ancestorTitles":["QuizzesPage production behaviors"],"fullName":"QuizzesPage production behaviors shows load error and retries in-page via refetch","status":"passed","title":"shows load error and retries in-page via refetch","duration":60.446300000000065,"failureMessages":[],"meta":{}}],"startTime":1773084273052,"endTime":1773084273268.4463,"status":"passed","message":"","name":"c:/Users/NURMA/OneDrive/Рабочий стол/projects/DIPLOMA/src/__tests__/QuizzesPage.test.tsx"},{"assertionResults":[{"ancestorTitles":["RegisterPage signup flows"],"fullName":"RegisterPage signup flows validates required fields and password matching before submit","status":"passed","title":"validates required fields and password matching before submit","duration":99.50590000000011,"failureMessages":[],"meta":{}},{"ancestorTitles":["RegisterPage signup flows"],"fullName":"RegisterPage signup flows registers successfully, stores pending email, and routes to verify-email","status":"passed","title":"registers successfully, stores pending email, and routes to verify-email","duration":55.34429999999975,"failureMessages":[],"meta":{}},{"ancestorTitles":["RegisterPage signup flows"],"fullName":"RegisterPage signup flows toggles password visibility and supports keyboard interaction on terms","status":"passed","title":"toggles password visibility and supports keyboard interaction on terms","duration":30.077700000000277,"failureMessages":[],"meta":{}}],"startTime":1773084273058,"endTime":1773084273243.0776,"status":"passed","message":"","name":"c:/Users/NURMA/OneDrive/Рабочий стол/projects/DIPLOMA/src/__tests__/RegisterPage.test.tsx"},{"assertionResults":[{"ancestorTitles":["sanity"],"fullName":"sanity works","status":"passed","title":"works","duration":0.7269999999998618,"failureMessages":[],"meta":{}}],"startTime":1773084273480,"endTime":1773084273480.727,"status":"passed","message":"","name":"c:/Users/NURMA/OneDrive/Рабочий стол/projects/DIPLOMA/src/__tests__/sanity.test.ts"},{"assertionResults":[{"ancestorTitles":["SettingsPage avatar persistence"],"fullName":"SettingsPage avatar persistence selects avatar file and persists avatar on Save Changes","status":"passed","title":"selects avatar file and persists avatar on Save Changes","duration":145.52509999999984,"failureMessages":[],"meta":{}},{"ancestorTitles":["SettingsPage avatar persistence"],"fullName":"SettingsPage avatar persistence rejects unsupported avatar type and prevents save payload from changing avatar","status":"passed","title":"rejects unsupported avatar type and prevents save payload from changing avatar","duration":57.4387999999999,"failureMessages":[],"meta":{}},{"ancestorTitles":["SettingsPage avatar persistence"],"fullName":"SettingsPage avatar persistence persists first and last name as combined full_name on save","status":"passed","title":"persists first and last name as combined full_name on save","duration":31.97479999999996,"failureMessages":[],"meta":{}},{"ancestorTitles":["SettingsPage avatar persistence"],"fullName":"SettingsPage avatar persistence persists bio/about text on save","status":"passed","title":"persists bio/about text on save","duration":44.43040000000019,"failureMessages":[],"meta":{}},{"ancestorTitles":["SettingsPage avatar persistence"],"fullName":"SettingsPage avatar persistence persists default summary length when switching tabs","status":"passed","title":"persists default summary length when switching tabs","duration":46.521200000000135,"failureMessages":[],"meta":{}},{"ancestorTitles":["SettingsPage avatar persistence"],"fullName":"SettingsPage avatar persistence persists default summary format when switching tabs","status":"passed","title":"persists default summary format when switching tabs","duration":62.31950000000006,"failureMessages":[],"meta":{}},{"ancestorTitles":["SettingsPage avatar persistence"],"fullName":"SettingsPage avatar persistence loads notification preferences and persists processing-complete toggle","status":"passed","title":"loads notification preferences and persists processing-complete toggle","duration":31.56790000000001,"failureMessages":[],"meta":{}},{"ancestorTitles":["SettingsPage avatar persistence"],"fullName":"SettingsPage avatar persistence persists weekly digest and study reminders toggles","status":"passed","title":"persists weekly digest and study reminders toggles","duration":48.11919999999964,"failureMessages":[],"meta":{}},{"ancestorTitles":["SettingsPage avatar persistence"],"fullName":"SettingsPage avatar persistence toggles dark mode and persists theme preference","status":"passed","title":"toggles dark mode and persists theme preference","duration":32.351900000000114,"failureMessages":[],"meta":{}},{"ancestorTitles":["SettingsPage avatar persistence"],"fullName":"SettingsPage avatar persistence validates new password complexity before calling API","status":"passed","title":"validates new password complexity before calling API","duration":60.214500000000044,"failureMessages":[],"meta":{}},{"ancestorTitles":["SettingsPage avatar persistence"],"fullName":"SettingsPage avatar persistence changes password successfully, trims current password, and resets fields","status":"passed","title":"changes password successfully, trims current password, and resets fields","duration":62.70539999999983,"failureMessages":[],"meta":{}},{"ancestorTitles":["SettingsPage avatar persistence"],"fullName":"SettingsPage avatar persistence opens delete modal and confirms account deletion","status":"passed","title":"opens delete modal and confirms account deletion","duration":45.666999999999916,"failureMessages":[],"meta":{}},{"ancestorTitles":["SettingsPage avatar persistence"],"fullName":"SettingsPage avatar persistence opens delete modal and cancels without deleting","status":"passed","title":"opens delete modal and cancels without deleting","duration":33.78929999999991,"failureMessages":[],"meta":{}},{"ancestorTitles":["SettingsPage avatar persistence"],"fullName":"SettingsPage avatar persistence loads summary preferences from backend settings before localStorage fallback","status":"passed","title":"loads summary preferences from backend settings before localStorage fallback","duration":29.32459999999992,"failureMessages":[],"meta":{}}],"startTime":1773084273273,"endTime":1773084274005.3247,"status":"passed","message":"","name":"c:/Users/NURMA/OneDrive/Рабочий стол/projects/DIPLOMA/src/__tests__/SettingsPage.test.tsx"},{"assertionResults":[{"ancestorTitles":["SummariesPage production behaviors"],"fullName":"SummariesPage production behaviors renders summaries list and keeps keyboard-accessible summary cards","status":"passed","title":"renders summaries list and keeps keyboard-accessible summary cards","duration":131.04689999999982,"failureMessages":[],"meta":{}},{"ancestorTitles":["SummariesPage production behaviors"],"fullName":"SummariesPage production behaviors shows load error and retries in-page via refetch","status":"passed","title":"shows load error and retries in-page via refetch","duration":60.97389999999996,"failureMessages":[],"meta":{}}],"startTime":1773084273018,"endTime":1773084273209.9739,"status":"passed","message":"","name":"c:/Users/NURMA/OneDrive/Рабочий стол/projects/DIPLOMA/src/__tests__/SummariesPage.test.tsx"},{"assertionResults":[{"ancestorTitles":["SummaryPage production behaviors"],"fullName":"SummaryPage production behaviors renders summary details on successful load","status":"passed","title":"renders summary details on successful load","duration":134.22780000000012,"failureMessages":[],"meta":{}},{"ancestorTitles":["SummaryPage production behaviors"],"fullName":"SummaryPage production behaviors ignores stale loader response after route id changes","status":"passed","title":"ignores stale loader response after route id changes","duration":42.33719999999994,"failureMessages":[],"meta":{}},{"ancestorTitles":["SummaryPage production behaviors"],"fullName":"SummaryPage production behaviors saves edited title when inline editor loses focus","status":"passed","title":"saves edited title when inline editor loses focus","duration":70.35680000000002,"failureMessages":[],"meta":{}},{"ancestorTitles":["SummaryPage production behaviors"],"fullName":"SummaryPage production behaviors regenerates summary and navigates to processing job","status":"passed","title":"regenerates summary and navigates to processing job","duration":42.81140000000005,"failureMessages":[],"meta":{}},{"ancestorTitles":["SummaryPage production behaviors"],"fullName":"SummaryPage production behaviors opens delete modal and supports cancel + confirm delete flow","status":"passed","title":"opens delete modal and supports cancel + confirm delete flow","duration":89.80249999999978,"failureMessages":[],"meta":{}},{"ancestorTitles":["SummaryPage production behaviors"],"fullName":"SummaryPage production behaviors copies summary text to clipboard","status":"passed","title":"copies summary text to clipboard","duration":27.283100000000104,"failureMessages":[],"meta":{}},{"ancestorTitles":["SummaryPage production behaviors"],"fullName":"SummaryPage production behaviors exports summary to PDF and reports success","status":"failed","title":"exports summary to PDF and reports success","duration":24.053199999999833,"failureMessages":["AssertionError: expected \"vi.fn()\" to be called with arguments: [ 'AI Basics.pdf' ]\u001b[90m\n\nNumber of calls: \u001b[1m0\u001b[22m\n\u001b[39m\n    at Proxy.<anonymous> (file:///c:/Users/NURMA/OneDrive/%D0%A0%D0%B0%D0%B1%D0%BE%D1%87%D0%B8%D0%B9%20%D1%81%D1%82%D0%BE%D0%BB/projects/DIPLOMA/node_modules/@vitest/expect/dist/index.js:1420:10)\n    at Proxy.<anonymous> (file:///c:/Users/NURMA/OneDrive/%D0%A0%D0%B0%D0%B1%D0%BE%D1%87%D0%B8%D0%B9%20%D1%81%D1%82%D0%BE%D0%BB/projects/DIPLOMA/node_modules/@vitest/expect/dist/index.js:1090:14)\n    at Proxy.methodWrapper (file:///c:/Users/NURMA/OneDrive/%D0%A0%D0%B0%D0%B1%D0%BE%D1%87%D0%B8%D0%B9%20%D1%81%D1%82%D0%BE%D0%BB/projects/DIPLOMA/node_modules/chai/index.js:1700:25)\n    at C:/Users/NURMA/OneDrive/Рабочий стол/projects/DIPLOMA/src/__tests__/SummaryPage.test.tsx:347:33\n    at file:///c:/Users/NURMA/OneDrive/%D0%A0%D0%B0%D0%B1%D0%BE%D1%87%D0%B8%D0%B9%20%D1%81%D1%82%D0%BE%D0%BB/projects/DIPLOMA/node_modules/@vitest/runner/dist/index.js:915:20"],"meta":{}},{"ancestorTitles":["SummaryPage production behaviors"],"fullName":"SummaryPage production behaviors exports summary title as first text element and uses expected title/body font sizes","status":"passed","title":"exports summary title as first text element and uses expected title/body font sizes","duration":24.088799999999992,"failureMessages":[],"meta":{}},{"ancestorTitles":["SummaryPage production behaviors"],"fullName":"SummaryPage production behaviors snapshot: jsPDF text calls match expected structure","status":"passed","title":"snapshot: jsPDF text calls match expected structure","duration":30.542799999999716,"failureMessages":[],"meta":{}},{"ancestorTitles":["SummaryPage production behaviors"],"fullName":"SummaryPage production behaviors renders non-404 retry state for server failures","status":"passed","title":"renders non-404 retry state for server failures","duration":14.335599999999886,"failureMessages":[],"meta":{}},{"ancestorTitles":["SummaryPage production behaviors"],"fullName":"SummaryPage production behaviors renders not-found state only for 404 errors","status":"passed","title":"renders not-found state only for 404 errors","duration":15.5921000000003,"failureMessages":[],"meta":{}}],"startTime":1773084273035,"endTime":1773084273550.592,"status":"failed","message":"","name":"c:/Users/NURMA/OneDrive/Рабочий стол/projects/DIPLOMA/src/__tests__/SummaryPage.test.tsx"}]}